[2025-04-20 00:24:41] [INFO] ======================================================================
[2025-04-20 00:24:41] [INFO] Début de la consolidation de la migration vers l'architecture à trois couches
[2025-04-20 00:24:41] [INFO] Date: 2025-04-20 00:24:41
[2025-04-20 00:24:41] [INFO] Répertoire de travail: /workspaces/cahier-des-charge
[2025-04-20 00:24:41] [INFO] Répertoire des rapports: /workspaces/cahier-des-charge/reports/consolidated-migration-20250420-002441
[2025-04-20 00:24:41] [INFO] ======================================================================
[2025-04-20 00:24:41] [STEP] ÉTAPE 1: Nettoyage des doublons d'agents
[2025-04-20 00:24:41] [STEP] Exécution de /workspaces/cahier-des-charge/clean-agents-duplicates.sh: Nettoyer les agents dupliqués et organiser selon l'architecture à trois couches
[2025-04-20 00:24:41] [INFO] Logs détaillés dans: /workspaces/cahier-des-charge/reports/consolidated-migration-20250420-002441/logs/clean-agents-duplicates.sh.log
[2025-04-20 00:25:12] [SUCCESS] /workspaces/cahier-des-charge/clean-agents-duplicates.sh exécuté avec succès.
[2025-04-20 00:25:12] [SUCCESS] Nettoyage des doublons d'agents réussi.
[2025-04-20 00:25:12] [STEP] Vérification de l'état de la migration après l'étape: Nettoyage des doublons
[2025-04-20 00:25:12] [INFO] Nombre d'erreurs TypeScript: 0
0
[2025-04-20 00:25:12] [SUCCESS] Aucune erreur TypeScript après l'étape 'Nettoyage des doublons'.
[2025-04-20 00:25:12] [STEP] ÉTAPE 2: Implémentation des interfaces requises
[2025-04-20 00:25:12] [STEP] Exécution de /workspaces/cahier-des-charge/implement-interfaces.sh: Implémenter les interfaces nécessaires pour l'architecture à trois couches
[2025-04-20 00:25:12] [INFO] Logs détaillés dans: /workspaces/cahier-des-charge/reports/consolidated-migration-20250420-002441/logs/implement-interfaces.sh.log
[2025-04-20 00:25:20] [SUCCESS] /workspaces/cahier-des-charge/implement-interfaces.sh exécuté avec succès.
[2025-04-20 00:25:20] [SUCCESS] Implémentation des interfaces réussie.
[2025-04-20 00:25:20] [STEP] Vérification de l'état de la migration après l'étape: Implémentation des interfaces
[2025-04-20 00:25:20] [INFO] Nombre d'erreurs TypeScript: 0
0
[2025-04-20 00:25:20] [SUCCESS] Aucune erreur TypeScript après l'étape 'Implémentation des interfaces'.
[2025-04-20 00:25:20] [STEP] ÉTAPE 3: Correction des méthodes manquantes
[2025-04-20 00:25:20] [STEP] Exécution de /workspaces/cahier-des-charge/fix-all-agents.sh: Corriger les méthodes manquantes dans les agents
[2025-04-20 00:25:20] [INFO] Logs détaillés dans: /workspaces/cahier-des-charge/reports/consolidated-migration-20250420-002441/logs/fix-all-agents.sh.log
[2025-04-20 00:27:15] [SUCCESS] /workspaces/cahier-des-charge/fix-all-agents.sh exécuté avec succès.
[2025-04-20 00:27:15] [SUCCESS] Correction des méthodes manquantes réussie.
