[2025-04-25 01:27:08] [0;33mSauvegarde de la structure actuelle du projet...[0m
[2025-04-25 01:29:42] [0;32m✅ Sauvegarde terminée dans /workspaces/cahier-des-charge/backups/structure_optimization_20250425_012654[0m
[2025-04-25 01:29:42] [0;33mRecherche des dossiers vides à tous les niveaux...[0m
[2025-04-25 01:29:59]   Trouvé 489 dossiers vides (itération en cours...)
[2025-04-25 01:30:12]   Trouvé 526 dossiers vides (itération en cours...)
[2025-04-25 01:30:23]   Trouvé 528 dossiers vides (itération en cours...)
[2025-04-25 01:30:35]   Trouvé 529 dossiers vides (itération en cours...)
[2025-04-25 01:30:46]   Trouvé 530 dossiers vides (itération en cours...)
[2025-04-25 01:31:00] [0;32m✅ 530 dossiers vides identifiés à tous les niveaux[0m
[2025-04-25 01:31:00] [0;33mSuppression des dossiers vides à tous les niveaux...[0m
[2025-04-25 01:31:00] [0;32m✅ 0 dossiers vides supprimés (y compris sous-dossiers et sous-sous-dossiers)[0m
[2025-04-25 01:31:00] [0;33mIdentification des dossiers similaires...[0m
[2025-04-25 01:31:00] [0;32m✅ Identification des dossiers similaires terminée[0m
[2025-04-25 01:31:00] [0;33mFusion des dossiers similaires...[0m
[2025-04-25 01:31:00] Fusion du groupe: scripts,tools,utils -> utils
[2025-04-25 01:31:00]   Déplacement de scripts vers utils
[2025-04-25 01:31:00]     Le dossier scripts n'est pas complètement vide après fusion, sauvegarde dans utils/backup_scripts
[2025-04-25 01:31:00] Fusion du groupe: docs,documentation -> documentation
[2025-04-25 01:31:00] Fusion du groupe: migration-toolkit,migrations -> migrations
[2025-04-25 01:31:00] Fusion du groupe: tests,test-results -> tests
[2025-04-25 01:31:00] Fusion du groupe: packages,modules -> packages
[2025-04-25 01:31:00] Fusion du groupe: reports,logs -> reports
[2025-04-25 01:31:00] Fusion du groupe: backups,clean-backups,structure-backups,conflict-resolution-backups -> backups
[2025-04-25 01:31:00] [0;32m✅ 1 dossiers fusionnés[0m
[2025-04-25 01:31:00] [0;33mMise à jour des imports dans les fichiers...[0m
[2025-04-25 01:33:05] [0;32m✅ 0 fichiers mis à jour[0m
[2025-04-25 01:33:05] [0;33mGénération du rapport final...[0m
[2025-04-25 01:33:05] [0;32m✅ Rapport final généré: reports/structure_optimization_20250425_012654.md[0m
