[2025-04-25 00:52:35] [0;33mSauvegarde des scripts avant nettoyage...[0m
[2025-04-25 00:52:39] [0;32m✅ Sauvegarde des scripts terminée dans /workspaces/cahier-des-charge/backups/cleanup_20250425_005230[0m
[2025-04-25 00:52:39] [0;33mTraitement des doublons manifestes...[0m
[2025-04-25 00:52:39] Traitement des multiples versions de verify-cahier...
[2025-04-25 00:52:40] Traitement des doublons de fix-permissions.sh...
[2025-04-25 00:52:40] Suppression des scripts d'agent redondants après consolidation...
[2025-04-25 00:52:41] Suppression des scripts de migration redondants...
[2025-04-25 00:52:41] [0;32m✅ Doublons manifestes traités[0m
[2025-04-25 00:52:41] [0;33mÉlimination des scripts obsolètes...[0m
[2025-04-25 00:52:41] Suppression des scripts de test non maintenus...
[2025-04-25 00:52:41] Suppression des scripts avec des noms vagues...
[2025-04-25 00:52:41] [0;32m✅ Scripts obsolètes éliminés[0m
[2025-04-25 00:52:41] [0;33mFusion des scripts similaires...[0m
[2025-04-25 00:52:41] Fusion des scripts de nettoyage...
[2025-04-25 00:52:41] Fusion des scripts de génération de rapports...
[2025-04-25 00:52:41] [0;32m✅ Scripts similaires fusionnés[0m
[2025-04-25 00:52:41] [0;32m======================================================[0m
[2025-04-25 00:52:41] [0;32m✅ Nettoyage des scripts terminé![0m
[2025-04-25 00:52:41] [0;32m   - Sauvegarde : /workspaces/cahier-des-charge/backups/cleanup_20250425_005230[0m
[2025-04-25 00:52:42] [0;32m   - Rapport des doublons : /workspaces/cahier-des-charge/documentation/scripts/duplicates-removed.md[0m
[2025-04-25 00:52:42] [0;32m   - Rapport des obsolètes : /workspaces/cahier-des-charge/documentation/scripts/obsolete-removed.md[0m
[2025-04-25 00:52:42] [0;32m   - Rapport de consolidation : /workspaces/cahier-des-charge/documentation/scripts/scripts-consolidated.md[0m
[2025-04-25 00:52:42] [0;32m   - Log : /workspaces/cahier-des-charge/logs/cleanup_20250425_005230.log[0m
[2025-04-25 00:52:42] [0;32m======================================================[0m
